#
# There is insufficient memory for the Java Runtime Environment to continue.
# Native memory allocation (mmap) failed to map 132120576 bytes for G1 virtual space
# Possible reasons:
#   The system is out of physical RAM or swap space
#   The process is running with CompressedOops enabled, and the Java Heap may be blocking the growth of the native heap
# Possible solutions:
#   Reduce memory load on the system
#   Increase physical memory or swap space
#   Check if swap backing store is full
#   Decrease Java heap size (-Xmx/-Xms)
#   Decrease number of Java threads
#   Decrease Java thread stack sizes (-Xss)
#   Set larger code cache with -XX:ReservedCodeCacheSize=
#   JVM is running with Unscaled Compressed Oops mode in which the Java heap is
#     placed in the first 4GB address space. The Java Heap base address is the
#     maximum limit for the native heap growth. Please use -XX:HeapBaseMinAddress
#     to set the Java Heap base and to place the Java Heap above 4GB virtual address.
# This output file may be truncated or incomplete.
#
#  Out of Memory Error (./open/src/hotspot/os/windows/os_windows.cpp:3472), pid=14796, tid=9448
#
# JRE version:  (15.0+36) (build )
# Java VM: Java HotSpot(TM) 64-Bit Server VM (15+36-1562, mixed mode, sharing, tiered, compressed oops, g1 gc, windows-amd64)
# No core dump will be written. Minidumps are not enabled by default on client versions of Windows
#

---------------  S U M M A R Y ------------

Command Line: pantallaDeLogin.Pantalla

Host: Intel(R) Core(TM) i5-8257U CPU @ 1.40GHz, 8 cores, 7G,  Windows 10 , 64 bit Build 19041 (10.0.19041.1348)
Time: Sun Jan  2 18:52:31 2022 Hora estándar romance elapsed time: 0.008412 seconds (0d 0h 0m 0s)

---------------  T H R E A D  ---------------

Current thread (0x0000018973ea0d80):  JavaThread "Unknown thread" [_thread_in_vm, id=9448, stack(0x00000015cf500000,0x00000015cf600000)]

Stack: [0x00000015cf500000,0x00000015cf600000]
Native frames: (J=compiled Java code, j=interpreted, Vv=VM code, C=native code)
V  [jvm.dll+0x629eaa]
V  [jvm.dll+0x780379]
V  [jvm.dll+0x781ad3]
V  [jvm.dll+0x782133]
V  [jvm.dll+0x2159d5]
V  [jvm.dll+0x627299]
V  [jvm.dll+0x61bdd5]
V  [jvm.dll+0x2cf96d]
V  [jvm.dll+0x2cf7d2]
V  [jvm.dll+0x2d57ac]
V  [jvm.dll+0x32523a]
V  [jvm.dll+0x324904]
V  [jvm.dll+0x2a68ea]
V  [jvm.dll+0x2a7a88]
V  [jvm.dll+0x75d0f1]
V  [jvm.dll+0x333af4]
V  [jvm.dll+0x73d816]
V  [jvm.dll+0x3b68e7]
V  [jvm.dll+0x3b8371]
C  [jli.dll+0x52fb]
C  [ucrtbase.dll+0x21bb2]
C  [KERNEL32.DLL+0x17034]
C  [ntdll.dll+0x52651]


---------------  P R O C E S S  ---------------

Threads class SMR info:
_java_thread_list=0x00007ffac9802fa0, length=0, elements={
}

Java Threads: ( => current thread )

Other Threads:
  0x0000018973edfc10 GCTaskThread "GC Thread#0" [stack: 0x00000015cf600000,0x00000015cf700000] [id=14872]
  0x0000018973ef1930 ConcurrentGCThread "G1 Main Marker" [stack: 0x00000015cf700000,0x00000015cf800000] [id=13500]
  0x0000018973ef2cc0 ConcurrentGCThread "G1 Conc#0" [stack: 0x00000015cf800000,0x00000015cf900000] [id=14160]

[error occurred during error reporting (printing all threads), id 0xc0000005, EXCEPTION_ACCESS_VIOLATION (0xc0000005) at pc=0x00007ffac8ff77b7]

VM state: not at safepoint (not fully initialized)

VM Mutex/Monitor currently owned by a thread:  ([mutex/lock_event])
[0x0000018973e9ae20] Heap_lock - owner thread: 0x0000018973ea0d80

Heap address: 0x0000000082600000, size: 2010 MB, Compressed Oops mode: 32-bit
CDS archive(s) mapped at: [0x0000000000000000-0x0000000000000000-0x0000000000000000), size 0, SharedBaseAddress: 0x0000000800000000, ArchiveRelocationMode: 0.
Narrow klass base: 0x0000000000000000, Narrow klass shift: 0, Narrow klass range: 0x0

Heap:
 garbage-first heap   total 129024K, used 0K [0x0000000082600000, 0x0000000100000000)
  region size 1024K, 0 young (0K), 0 survivors (0K)
 Metaspace       used 0K, capacity 0K, committed 0K, reserved 0K
  class space    used 0K, capacity 0K, committed 0K, reserved 0K

Heap Regions: E=young(eden), S=young(survivor), O=old, HS=humongous(starts), HC=humongous(continues), CS=collection set, F=free, OA=open archive, CA=closed archive, TAMS=top-at-mark-start (previous, next)

Card table byte_map: [0x000001897c800000,0x000001897cbf0000] _byte_map_base: 0x000001897c3ed000

Marking Bits (Prev, Next): (CMBitMap*) 0x0000018973ee0480, (CMBitMap*) 0x0000018973ee04c0
 Prev Bits: [0x000001897cfe0000, 0x000001897ef48000)
 Next Bits: [0x000001890f000000, 0x0000018910f68000)

GC Heap History (0 events):
No events

Deoptimization events (0 events):
No events

Classes unloaded (0 events):
No events

Classes redefined (0 events):
No events

Internal exceptions (0 events):
No events

Events (1 events):
Event: 0.005 Loaded shared library C:\Program Files\Java\jdk-15\bin\java.dll


Dynamic libraries:
0x00007ff6ad450000 - 0x00007ff6ad45f000 	C:\Program Files\Java\jdk-15\bin\java.exe
0x00007ffb0e390000 - 0x00007ffb0e585000 	C:\Windows\SYSTEM32\ntdll.dll
0x00007ffb0cfe0000 - 0x00007ffb0d09e000 	C:\Windows\System32\KERNEL32.DLL
0x00007ffb0bad0000 - 0x00007ffb0bd98000 	C:\Windows\System32\KERNELBASE.dll
0x00007ffb0bda0000 - 0x00007ffb0bea0000 	C:\Windows\System32\ucrtbase.dll
0x00007ffb069f0000 - 0x00007ffb06a09000 	C:\Program Files\Java\jdk-15\bin\VCRUNTIME140.dll
0x00007ffb06b50000 - 0x00007ffb06b68000 	C:\Program Files\Java\jdk-15\bin\jli.dll
0x00007ffb0dd80000 - 0x00007ffb0de2c000 	C:\Windows\System32\ADVAPI32.dll
0x00007ffb0c500000 - 0x00007ffb0c59e000 	C:\Windows\System32\msvcrt.dll
0x00007ffb0c730000 - 0x00007ffb0c7cb000 	C:\Windows\System32\sechost.dll
0x00007ffb0c3d0000 - 0x00007ffb0c4fa000 	C:\Windows\System32\RPCRT4.dll
0x00007ffb0e0d0000 - 0x00007ffb0e271000 	C:\Windows\System32\USER32.dll
0x00007ffaf9810000 - 0x00007ffaf9aaa000 	C:\Windows\WinSxS\amd64_microsoft.windows.common-controls_6595b64144ccf1df_6.0.19041.1110_none_60b5254171f9507e\COMCTL32.dll
0x00007ffb0baa0000 - 0x00007ffb0bac2000 	C:\Windows\System32\win32u.dll
0x00007ffb0c8b0000 - 0x00007ffb0c8db000 	C:\Windows\System32\GDI32.dll
0x00007ffb0bff0000 - 0x00007ffb0c0fd000 	C:\Windows\System32\gdi32full.dll
0x00007ffb0bea0000 - 0x00007ffb0bf3d000 	C:\Windows\System32\msvcp_win.dll
0x00007ffb05cd0000 - 0x00007ffb05cda000 	C:\Windows\SYSTEM32\VERSION.dll
0x00007ffb0c7d0000 - 0x00007ffb0c800000 	C:\Windows\System32\IMM32.DLL
0x00007ffb05420000 - 0x00007ffb0542c000 	C:\Program Files\Java\jdk-15\bin\vcruntime140_1.dll
0x00007ffaea9a0000 - 0x00007ffaeaa31000 	C:\Program Files\Java\jdk-15\bin\msvcp140.dll
0x00007ffac8d40000 - 0x00007ffac989c000 	C:\Program Files\Java\jdk-15\bin\server\jvm.dll
0x00007ffb0cae0000 - 0x00007ffb0cae8000 	C:\Windows\System32\PSAPI.DLL
0x00007ffaf0410000 - 0x00007ffaf0419000 	C:\Windows\SYSTEM32\WSOCK32.dll
0x00007ffaf0b10000 - 0x00007ffaf0b37000 	C:\Windows\SYSTEM32\WINMM.dll
0x00007ffb0e2e0000 - 0x00007ffb0e34b000 	C:\Windows\System32\WS2_32.dll
0x00007ffb0a370000 - 0x00007ffb0a382000 	C:\Windows\SYSTEM32\kernel.appcore.dll
0x00007ffb05410000 - 0x00007ffb0541a000 	C:\Program Files\Java\jdk-15\bin\jimage.dll
0x00007ffb09810000 - 0x00007ffb099f4000 	C:\Windows\SYSTEM32\DBGHELP.DLL
0x00007ffaf72a0000 - 0x00007ffaf72cc000 	C:\Windows\SYSTEM32\dbgcore.DLL
0x00007ffb0c100000 - 0x00007ffb0c182000 	C:\Windows\System32\bcryptPrimitives.dll
0x00007ffaf7fb0000 - 0x00007ffaf7fd5000 	C:\Program Files\Java\jdk-15\bin\java.dll

dbghelp: loaded successfully - version: 4.0.5 - missing functions: none
symbol engine: initialized successfully - sym options: 0x614 - pdb path: .;C:\Program Files\Java\jdk-15\bin;C:\Windows\SYSTEM32;C:\Windows\WinSxS\amd64_microsoft.windows.common-controls_6595b64144ccf1df_6.0.19041.1110_none_60b5254171f9507e;C:\Program Files\Java\jdk-15\bin\server

VM Arguments:
java_command: pantallaDeLogin.Pantalla
java_class_path (initial): C:\Users\jleon\OneDrive\Documentos\NetBeansProjects\PantallaDeLogin\target\classes;C:\Users\jleon\.m2\repository\org\netbeans\external\AbsoluteLayout\RELEASE121\AbsoluteLayout-RELEASE121.jar
Launcher Type: SUN_STANDARD

[Global flags]
     intx CICompilerCount                          = 4                                         {product} {ergonomic}
     uint ConcGCThreads                            = 2                                         {product} {ergonomic}
     uint G1ConcRefinementThreads                  = 8                                         {product} {ergonomic}
   size_t G1HeapRegionSize                         = 1048576                                   {product} {ergonomic}
    uintx GCDrainStackTargetSize                   = 64                                        {product} {ergonomic}
   size_t InitialHeapSize                          = 132120576                                 {product} {ergonomic}
   size_t MarkStackSize                            = 4194304                                   {product} {ergonomic}
   size_t MaxHeapSize                              = 2107637760                                {product} {ergonomic}
   size_t MinHeapDeltaBytes                        = 1048576                                   {product} {ergonomic}
   size_t MinHeapSize                              = 8388608                                   {product} {ergonomic}
    uintx NonNMethodCodeHeapSize                   = 5839372                                {pd product} {ergonomic}
    uintx NonProfiledCodeHeapSize                  = 122909434                              {pd product} {ergonomic}
    uintx ProfiledCodeHeapSize                     = 122909434                              {pd product} {ergonomic}
    uintx ReservedCodeCacheSize                    = 251658240                              {pd product} {ergonomic}
     bool SegmentedCodeCache                       = true                                      {product} {ergonomic}
   size_t SoftMaxHeapSize                          = 2107637760                             {manageable} {ergonomic}
     bool UseCompressedClassPointers               = true                                 {lp64_product} {ergonomic}
     bool UseCompressedOops                        = true                                 {lp64_product} {ergonomic}
     bool UseG1GC                                  = true                                      {product} {ergonomic}
     bool UseLargePagesIndividualAllocation        = false                                  {pd product} {ergonomic}

Logging:
Log output configuration:
 #0: stdout all=warning uptime,level,tags
 #1: stderr all=off uptime,level,tags

Environment Variables:
JAVA_HOME=C:\Program Files\Java\jdk-15
PATH=C:\Program Files\AdoptOpenJDK\jdk-14.0.2.12-hotspot\bin;C:\Program Files\Eclipse Foundation\jdk-11.0.12.7-hotspot\bin;C:\Program Files\Common Files\Oracle\Java\javapath;C:\Program Files (x86)\Common Files\Oracle\Java\javapath;C:\Windows\system32;C:\Windows;C:\Windows\System32\Wbem;C:\Windows\System32\WindowsPowerShell\v1.0\;C:\Windows\System32\OpenSSH\;C:\Program Files (x86)\BaseX\bin;C:\Program Files\Git\cmd;C:\Users\jleon\AppData\Local\Microsoft\WindowsApps;C:\Users\jleon\AppData\Local\Programs\Microsoft VS Code\bin;C:\Users\jleon\AppData\Local\GitHubDesktop\bin
USERNAME=jleon
OS=Windows_NT
PROCESSOR_IDENTIFIER=Intel64 Family 6 Model 142 Stepping 10, GenuineIntel



---------------  S Y S T E M  ---------------

OS:
 Windows 10 , 64 bit Build 19041 (10.0.19041.1348)
OS uptime: 0 days 15:38 hours

CPU: total 8 (initial active 8) (4 cores per cpu, 2 threads per core) family 6 model 142 stepping 10, cmov, cx8, fxsr, mmx, sse, sse2, sse3, ssse3, sse4.1, sse4.2, popcnt, vzeroupper, avx, avx2, aes, clmul, erms, 3dnowpref, lzcnt, ht, tsc, tscinvbit, bmi1, bmi2, adx, fma, clflush, clflushopt

Memory: 4k page, system-wide physical 8038M (1077M free)
TotalPageFile size 12002M (AvailPageFile size 28M)
current process WorkingSet (physical memory assigned to process): 10M, peak: 10M
current process commit charge ("private bytes"): 60M, peak: 186M

vm_info: Java HotSpot(TM) 64-Bit Server VM (15+36-1562) for windows-amd64 JRE (15+36-1562), built on Aug 11 2020 22:38:02 by "mach5one" with unknown MS VC++:1925

END.
